# JRE version: OpenJDK Runtime Environment Corretto-11.0.15.9.1 (11.0.15+9) (build 11.0.15+9-LTS)
# Java VM: OpenJDK 64-Bit Server VM Corretto-11.0.15.9.1 (11.0.15+9-LTS, mixed mode, tiered, compressed oops, g1 gc, windows-amd64)
Heap:
 garbage-first heap   total 90112K, used 13282K [0x00000000a8400000, 0x0000000100000000)
  region size 1024K, 5 young (5120K), 5 survivors (5120K)
 Metaspace       used 27499K, capacity 28092K, committed 28208K, reserved 1083392K
  class space    used 2913K, capacity 3109K, committed 3200K, reserved 1048576K
GC Heap History (20 events):
Event: 4.969 GC heap before
{Heap before GC invocations=2 (full 0):
 garbage-first heap   total 90112K, used 27617K [0x00000000a8400000, 0x0000000100000000)
  region size 1024K, 24 young (24576K), 1 survivors (1024K)
 Metaspace       used 15878K, capacity 16188K, committed 16384K, reserved 1064960K
  class space    used 1606K, capacity 1729K, committed 1792K, reserved 1048576K
}
Event: 4.975 GC heap after
{Heap after GC invocations=3 (full 0):
 garbage-first heap   total 90112K, used 4872K [0x00000000a8400000, 0x0000000100000000)
  region size 1024K, 2 young (2048K), 2 survivors (2048K)
 Metaspace       used 15878K, capacity 16188K, committed 16384K, reserved 1064960K
  class space    used 1606K, capacity 1729K, committed 1792K, reserved 1048576K
}
Event: 6.930 GC heap before
{Heap before GC invocations=3 (full 0):
 garbage-first heap   total 90112K, used 34568K [0x00000000a8400000, 0x0000000100000000)
  region size 1024K, 32 young (32768K), 2 survivors (2048K)
 Metaspace       used 20779K, capacity 21115K, committed 21296K, reserved 1069056K
  class space    used 2210K, capacity 2358K, committed 2432K, reserved 1048576K
}
Event: 6.949 GC heap after
{Heap after GC invocations=4 (full 0):
 garbage-first heap   total 90112K, used 6579K [0x00000000a8400000, 0x0000000100000000)
  region size 1024K, 3 young (3072K), 3 survivors (3072K)
 Metaspace       used 20779K, capacity 21115K, committed 21296K, reserved 1069056K
  class space    used 2210K, capacity 2358K, committed 2432K, reserved 1048576K
}
Event: 10.322 GC heap before
{Heap before GC invocations=5 (full 0):
 garbage-first heap   total 90112K, used 56755K [0x00000000a8400000, 0x0000000100000000)
  region size 1024K, 52 young (53248K), 3 survivors (3072K)
 Metaspace       used 22014K, capacity 22430K, committed 22576K, reserved 1069056K
  class space    used 2300K, capacity 2429K, committed 2432K, reserved 1048576K
}
Event: 10.340 GC heap after
{Heap after GC invocations=6 (full 0):
 garbage-first heap   total 90112K, used 7949K [0x00000000a8400000, 0x0000000100000000)
  region size 1024K, 5 young (5120K), 5 survivors (5120K)
 Metaspace       used 22014K, capacity 22430K, committed 22576K, reserved 1069056K
  class space    used 2300K, capacity 2429K, committed 2432K, reserved 1048576K
}
Event: 12.965 GC heap before
{Heap before GC invocations=6 (full 0):
 garbage-first heap   total 90112K, used 56077K [0x00000000a8400000, 0x0000000100000000)
  region size 1024K, 52 young (53248K), 5 survivors (5120K)
 Metaspace       used 22490K, capacity 22920K, committed 23216K, reserved 1071104K
  class space    used 2343K, capacity 2467K, committed 2560K, reserved 1048576K
}
Event: 12.984 GC heap after
{Heap after GC invocations=7 (full 0):
 garbage-first heap   total 90112K, used 8626K [0x00000000a8400000, 0x0000000100000000)
  region size 1024K, 4 young (4096K), 4 survivors (4096K)
 Metaspace       used 22490K, capacity 22920K, committed 23216K, reserved 1071104K
  class space    used 2343K, capacity 2467K, committed 2560K, reserved 1048576K
}
Event: 15.636 GC heap before
{Heap before GC invocations=7 (full 0):
 garbage-first heap   total 90112K, used 57778K [0x00000000a8400000, 0x0000000100000000)
  region size 1024K, 52 young (53248K), 4 survivors (4096K)
 Metaspace       used 22663K, capacity 23114K, committed 23472K, reserved 1071104K
  class space    used 2344K, capacity 2467K, committed 2560K, reserved 1048576K
}
Event: 15.655 GC heap after
{Heap after GC invocations=8 (full 0):
 garbage-first heap   total 90112K, used 9529K [0x00000000a8400000, 0x0000000100000000)
  region size 1024K, 3 young (3072K), 3 survivors (3072K)
 Metaspace       used 22663K, capacity 23114K, committed 23472K, reserved 1071104K
  class space    used 2344K, capacity 2467K, committed 2560K, reserved 1048576K
}
Event: 21.020 GC heap before
{Heap before GC invocations=8 (full 0):
 garbage-first heap   total 90112K, used 59705K [0x00000000a8400000, 0x0000000100000000)
  region size 1024K, 52 young (53248K), 3 survivors (3072K)
 Metaspace       used 22812K, capacity 23179K, committed 23472K, reserved 1071104K
  class space    used 2345K, capacity 2467K, committed 2560K, reserved 1048576K
}
Event: 21.031 GC heap after
{Heap after GC invocations=9 (full 0):
 garbage-first heap   total 90112K, used 9827K [0x00000000a8400000, 0x0000000100000000)
  region size 1024K, 4 young (4096K), 4 survivors (4096K)
 Metaspace       used 22812K, capacity 23179K, committed 23472K, reserved 1071104K
  class space    used 2345K, capacity 2467K, committed 2560K, reserved 1048576K
}
Event: 57.693 GC heap before
{Heap before GC invocations=9 (full 0):
 garbage-first heap   total 90112K, used 58979K [0x00000000a8400000, 0x0000000100000000)
  region size 1024K, 52 young (53248K), 4 survivors (4096K)
 Metaspace       used 23606K, capacity 24137K, committed 24368K, reserved 1071104K
  class space    used 2434K, capacity 2573K, committed 2688K, reserved 1048576K
}
Event: 57.705 GC heap after
{Heap after GC invocations=10 (full 0):
 garbage-first heap   total 90112K, used 10859K [0x00000000a8400000, 0x0000000100000000)
  region size 1024K, 5 young (5120K), 5 survivors (5120K)
 Metaspace       used 23606K, capacity 24137K, committed 24368K, reserved 1071104K
  class space    used 2434K, capacity 2573K, committed 2688K, reserved 1048576K
}
Event: 69.175 GC heap before
{Heap before GC invocations=10 (full 0):
 garbage-first heap   total 90112K, used 58987K [0x00000000a8400000, 0x0000000100000000)
  region size 1024K, 52 young (53248K), 5 survivors (5120K)
 Metaspace       used 23775K, capacity 24353K, committed 24624K, reserved 1071104K
  class space    used 2440K, capacity 2581K, committed 2688K, reserved 1048576K
}
Event: 69.189 GC heap after
{Heap after GC invocations=11 (full 0):
 garbage-first heap   total 90112K, used 11288K [0x00000000a8400000, 0x0000000100000000)
  region size 1024K, 4 young (4096K), 4 survivors (4096K)
 Metaspace       used 23775K, capacity 24353K, committed 24624K, reserved 1071104K
  class space    used 2440K, capacity 2581K, committed 2688K, reserved 1048576K
}
Event: 73.890 GC heap before
{Heap before GC invocations=11 (full 0):
 garbage-first heap   total 90112K, used 60440K [0x00000000a8400000, 0x0000000100000000)
  region size 1024K, 52 young (53248K), 4 survivors (4096K)
 Metaspace       used 24178K, capacity 24706K, committed 24880K, reserved 1071104K
  class space    used 2464K, capacity 2613K, committed 2688K, reserved 1048576K
}
Event: 73.901 GC heap after
{Heap after GC invocations=12 (full 0):
 garbage-first heap   total 90112K, used 11930K [0x00000000a8400000, 0x0000000100000000)
  region size 1024K, 4 young (4096K), 4 survivors (4096K)
 Metaspace       used 24178K, capacity 24706K, committed 24880K, reserved 1071104K
  class space    used 2464K, capacity 2613K, committed 2688K, reserved 1048576K
}
Event: 76.432 GC heap before
{Heap before GC invocations=12 (full 0):
 garbage-first heap   total 90112K, used 54938K [0x00000000a8400000, 0x0000000100000000)
  region size 1024K, 47 young (48128K), 4 survivors (4096K)
 Metaspace       used 27499K, capacity 28092K, committed 28208K, reserved 1081344K
  class space    used 2913K, capacity 3109K, committed 3200K, reserved 1048576K
}
Event: 76.449 GC heap after
{Heap after GC invocations=13 (full 0):
 garbage-first heap   total 90112K, used 13282K [0x00000000a8400000, 0x0000000100000000)
  region size 1024K, 5 young (5120K), 5 survivors (5120K)
 Metaspace       used 27499K, capacity 28092K, committed 28208K, reserved 1081344K
  class space    used 2913K, capacity 3109K, committed 3200K, reserved 1048576K
}

